[2015-07-02 08:24:28.755] [INFO] [default] - @LEN:0147;STB:00100;TM:02/07/2015,08:24:00;V:6.86;D:2;T:01;C:02;A01:00000;A02:00000;P01:00000000;P02:00000000;P03:00000000;P04:00000000;K01:0000;DC#
[2015-07-02 08:25:26.355] [INFO] [default] - @LEN:0147;STB:00100;TM:02/07/2015,08:25:00;V:6.86;D:2;T:01;C:04;A01:00000;A02:00000;P01:00000000;P02:00000000;P03:00000000;P04:00000000;K01:0000;DF#
[2015-07-02 08:26:26.340] [INFO] [default] - @LEN:0147;STB:00100;TM:02/07/2015,08:26:00;V:6.84;D:2;T:01;C:07;A01:00000;A02:00000;P01:00000000;P02:00000000;P03:00000000;P04:00000000;K01:0000;E1#
[2015-07-02 08:27:26.357] [INFO] [default] - @LEN:0147;STB:00100;TM:02/07/2015,08:27:00;V:6.86;D:2;T:01;C:09;A01:00000;A02:00000;P01:00000000;P02:00000000;P03:00000000;P04:00000000;K01:0000;E6#
[2015-07-02 08:28:26.434] [INFO] [default] - @LEN:0147;STB:00100;TM:02/07/2015,08:28:00;V:6.86;D:2;T:01;C:11;A01:00000;A02:00000;P01:00000000;P02:00000000;P03:00000000;P04:00000000;K01:0000;E0#
[2015-07-02 08:30:38.012] [INFO] [default] - @LEN:0147;STB:00100;TM:02/07/2015,08:29:00;V:6.85;D:2;T:01;C:13;A01:00000;A02:00000;P01:00000000;P02:00000000;P03:00000000;P04:00000000;K01:0000;E2#
[2015-07-02 08:32:38.875] [INFO] [default] - @LEN:0147;STB:00100;TM:02/07/2015,08:31:00;V:6.84;D:2;T:01;C:15;A01:00000;A02:00000;P01:00000000;P02:00000000;P03:00000000;P04:00000000;K01:0000;DC#
[2015-07-02 08:34:39.329] [INFO] [default] - @LEN:0147;STB:00100;TM:02/07/2015,08:33:00;V:6.84;D:2;T:01;C:17;A01:00000;A02:00000;P01:00000000;P02:00000000;P03:00000000;P04:00000000;K01:0000;E0#
[2015-07-02 08:36:38.379] [INFO] [default] - @LEN:0147;STB:00100;TM:02/07/2015,08:35:00;V:6.84;D:2;T:01;C:19;A01:00000;A02:00000;P01:00000000;P02:00000000;P03:00000000;P04:00000000;K01:0000;E4#
[2015-07-02 08:38:38.818] [INFO] [default] - @LEN:0147;STB:00100;TM:02/07/2015,08:37:00;V:6.84;D:2;T:01;C:22;A01:00000;A02:00000;P01:00000000;P02:00000000;P03:00000000;P04:00000000;K01:0000;E0#
[2015-07-02 08:40:40.584] [INFO] [default] - @LEN:0147;STB:00100;TM:02/07/2015,08:39:00;V:6.84;D:2;T:01;C:24;A01:00000;A02:00000;P01:00000000;P02:00000000;P03:00000000;P04:00000000;K01:0000;E4#
[2015-07-02 08:42:38.294] [INFO] [default] - @LEN:0147;STB:00100;TM:02/07/2015,08:41:00;V:6.84;D:2;T:01;C:26;A01:00000;A02:00000;P01:00000000;P02:00000000;P03:00000000;P04:00000000;K01:0000;DF#
[2015-07-02 08:44:39.170] [INFO] [default] - @LEN:0147;STB:00100;TM:02/07/2015,08:43:00;V:6.84;D:2;T:01;C:28;A01:00000;A02:00000;P01:00000000;P02:00000000;P03:00000000;P04:00000000;K01:0000;E3#
[2015-07-02 08:46:38.379] [INFO] [default] - @LEN:0147;STB:00100;TM:02/07/2015,08:45:00;V:6.84;D:2;T:01;C:30;A01:00000;A02:00000;P01:00000000;P02:00000000;P03:00000000;P04:00000000;K01:0000;DE#
[2015-07-02 08:48:39.224] [INFO] [default] - @LEN:0147;STB:00100;TM:02/07/2015,08:47:00;V:6.83;D:2;T:01;C:33;A01:00000;A02:00000;P01:00000000;P02:00000000;P03:00000000;P04:00000000;K01:0000;E2#
[2015-07-02 08:50:33.594] [INFO] [default] - @LEN:0147;STB:00100;TM:02/07/2015,08:49:00;V:6.82;D:2;T:01;C:35;A01:00000;A02:3.635;P01:00001254;P02:00005780;P03:00000000;P04:00000000;K01:0000;14#
[2015-07-02 08:52:33.846] [INFO] [default] - @LEN:0147;STB:00100;TM:02/07/2015,08:51:00;V:6.82;D:2;T:01;C:37;A01:00000;A02:3.634;P01:00001254;P02:00005780;P03:00000000;P04:00000000;K01:0000;0E#
[2015-07-02 08:54:33.662] [INFO] [default] - @LEN:0147;STB:00100;TM:02/07/2015,08:53:00;V:6.83;D:2;T:01;C:39;A01:00000;A02:3.640;P01:00001254;P02:00005780;P03:00000000;P04:00000000;K01:0000;10#
[2015-07-02 09:10:04.030] [INFO] [default] - @LEN:0147;STB:00100;TM:02/07/2015,09:08:00;V:6.84;D:2;T:01;C:50;A01:00000;A02:3.639;P01:00001254;P02:00005780;P03:00000000;P04:00000000;K01:0000;13#
[2015-07-02 09:10:26.075] [INFO] [default] - @LEN:0147;STB:00100;TM:02/07/2015,09:10:00;V:6.86;D:2;T:01;C:52;A01:00000;A02:3.639;P01:00001254;P02:00005780;P03:00000000;P04:00000000;K01:0000;10#
[2015-07-02 09:12:38.654] [INFO] [default] - @LEN:0147;STB:00100;TM:02/07/2015,09:11:00;V:6.85;D:2;T:01;C:55;A01:00000;A02:3.639;P01:00001254;P02:00005780;P03:00000000;P04:00000000;K01:0000;13#
[2015-07-02 09:14:40.617] [INFO] [default] - @LEN:0147;STB:00100;TM:02/07/2015,09:13:00;V:6.84;D:2;T:01;C:57;A01:00000;A02:3.639;P01:00001254;P02:00005780;P03:00000000;P04:00000000;K01:0000;16#
[2015-07-02 09:16:38.602] [INFO] [default] - @LEN:0147;STB:00100;TM:02/07/2015,09:15:00;V:6.84;D:2;T:01;C:59;A01:00000;A02:3.639;P01:00001254;P02:00005780;P03:00000000;P04:00000000;K01:0000;1A#
[2015-07-02 09:18:39.461] [INFO] [default] - @LEN:0147;STB:00100;TM:02/07/2015,09:17:00;V:6.84;D:2;T:01;C:62;A01:00000;A02:00000;P01:00001254;P02:00005780;P03:00000000;P04:00000000;K01:0000;03#
[2015-07-02 09:19:26.231] [INFO] [default] - @LEN:0147;STB:00100;TM:02/07/2015,09:19:00;V:6.87;D:2;T:01;C:64;A01:00000;A02:00000;P01:00001254;P02:00005780;P03:00000000;P04:00000000;K01:0000;0A#
[2015-07-02 09:21:38.744] [INFO] [default] - @LEN:0147;STB:00100;TM:02/07/2015,09:20:00;V:6.85;D:2;T:01;C:66;A01:00000;A02:00000;P01:00001254;P02:00005780;P03:00000000;P04:00000000;K01:0000;02#
[2015-07-02 09:23:39.169] [INFO] [default] - @LEN:0147;STB:00100;TM:02/07/2015,09:22:00;V:6.84;D:2;T:01;C:69;A01:00000;A02:00000;P01:00001254;P02:00005780;P03:00000000;P04:00000000;K01:0000;06#
[2015-07-02 09:25:38.217] [INFO] [default] - @LEN:0147;STB:00100;TM:02/07/2015,09:24:00;V:6.84;D:2;T:01;C:71;A01:00000;A02:00000;P01:00001254;P02:00005780;P03:00000000;P04:00000000;K01:0000;01#
[2015-07-02 09:27:38.662] [INFO] [default] - @LEN:0147;STB:00100;TM:02/07/2015,09:26:00;V:6.85;D:2;T:01;C:73;A01:00000;A02:00000;P01:00001254;P02:00005780;P03:00000000;P04:00000000;K01:0000;06#
[2015-07-02 09:29:39.523] [INFO] [default] - @LEN:0147;STB:00100;TM:02/07/2015,09:28:00;V:6.85;D:2;T:01;C:75;A01:00000;A02:00000;P01:00001254;P02:00005780;P03:00000000;P04:00000000;K01:0000;0A#
[2015-07-02 09:31:38.755] [INFO] [default] - @LEN:0147;STB:00100;TM:02/07/2015,09:30:00;V:6.84;D:2;T:01;C:77;A01:00000;A02:00000;P01:00001254;P02:00005780;P03:00000000;P04:00000000;K01:0000;04#
[2015-07-02 09:33:39.582] [INFO] [default] - @LEN:0147;STB:00100;TM:02/07/2015,09:32:00;V:6.84;D:2;T:01;C:80;A01:00000;A02:00000;P01:00001254;P02:00005780;P03:00000000;P04:00000000;K01:0000;00#
[2015-07-02 09:35:38.215] [INFO] [default] - @LEN:0147;STB:00100;TM:02/07/2015,09:34:00;V:6.84;D:2;T:01;C:82;A01:00000;A02:00000;P01:00001254;P02:00005780;P03:00000000;P04:00000000;K01:0000;04#
[2015-07-02 09:37:39.077] [INFO] [default] - @LEN:0147;STB:00100;TM:02/07/2015,09:36:00;V:6.84;D:2;T:01;C:84;A01:00000;A02:00000;P01:00001254;P02:00005780;P03:00000000;P04:00000000;K01:0000;08#
[2015-07-02 09:38:26.222] [INFO] [default] - @LEN:0147;STB:00100;TM:02/07/2015,09:38:00;V:6.87;D:2;T:01;C:86;A01:00000;A02:00000;P01:00001254;P02:00005780;P03:00000000;P04:00000000;K01:0000;0F#
[2015-07-02 09:40:38.112] [INFO] [default] - @LEN:0147;STB:00100;TM:02/07/2015,09:39:00;V:6.85;D:2;T:01;C:88;A01:00000;A02:00000;P01:00001254;P02:00005780;P03:00000000;P04:00000000;K01:0000;10#
[2015-07-02 09:42:39.149] [INFO] [default] - @LEN:0147;STB:00100;TM:02/07/2015,09:41:00;V:6.85;D:2;T:01;C:90;A01:00000;A02:00000;P01:00001254;P02:00005780;P03:00000000;P04:00000000;K01:0000;02#
[2015-07-02 09:44:39.503] [INFO] [default] - @LEN:0147;STB:00100;TM:02/07/2015,09:43:00;V:6.84;D:2;T:01;C:92;A01:00000;A02:00000;P01:00001254;P02:00005780;P03:00000000;P04:00000000;K01:0000;05#
[2015-07-02 09:46:39.034] [INFO] [default] - @LEN:0147;STB:00100;TM:02/07/2015,09:45:00;V:6.84;D:2;T:01;C:94;A01:00000;A02:00000;P01:00001254;P02:00005780;P03:00000000;P04:00000000;K01:0000;09#
[2015-07-02 09:48:39.506] [INFO] [default] - @LEN:0147;STB:00100;TM:02/07/2015,09:47:00;V:6.84;D:2;T:01;C:97;A01:00000;A02:00000;P01:00001254;P02:00005780;P03:00000000;P04:00000000;K01:0000;0E#
[2015-07-02 09:50:38.542] [INFO] [default] - @LEN:0147;STB:00100;TM:02/07/2015,09:49:00;V:6.84;D:2;T:01;C:99;A01:00000;A02:00000;P01:00001254;P02:00005780;P03:00000000;P04:00000000;K01:0000;12#
[2015-07-02 09:52:46.595] [INFO] [default] - @LEN:0147;STB:00100;TM:02/07/2015,09:51:00;V:6.84;D:2;T:01;C:01;A01:00000;A02:00000;P01:00001254;P02:00005780;P03:00000000;P04:00000000;K01:0000;FA#
[2015-07-02 09:53:26.160] [INFO] [default] - @LEN:0147;STB:00100;TM:02/07/2015,09:53:00;V:6.87;D:2;T:01;C:03;A01:00000;A02:00000;P01:00001254;P02:00005780;P03:00000000;P04:00000000;K01:0000;01#
[2015-07-02 09:55:38.142] [INFO] [default] - @LEN:0147;STB:00100;TM:02/07/2015,09:54:00;V:6.85;D:2;T:01;C:05;A01:00000;A02:00000;P01:00001254;P02:00005780;P03:00000000;P04:00000000;K01:0000;02#
[2015-07-02 09:57:38.926] [INFO] [default] - @LEN:0147;STB:00100;TM:02/07/2015,09:56:00;V:6.85;D:2;T:01;C:07;A01:00000;A02:00000;P01:00001254;P02:00005780;P03:00000000;P04:00000000;K01:0000;06#
[2015-07-02 10:01:54.149] [INFO] [default] - @LEN:0238;STB:00001;TM:02/07/2015,08:15:00;V:6.97;D:2;T:08;C:24;A01:0.001|0.001|0.001|0.001|0.001|0.001|0.001|0.001;P01:00788054|00788054|00788054|00788054|00788054|00788054|00788054|00788054;K01:0000|0000|0000|0000|0000|0000|0000|0000;91#
[2015-07-02 10:15:28.455] [INFO] [default] - @LEN:0147;STB:00100;TM:02/07/2015,10:15:00;V:6.87;D:2;T:01;C:02;A01:00000;A02:00000;P01:00000000;P02:00000000;P03:00000000;P04:00000000;K01:0000;D6#
[2015-07-02 10:16:26.799] [INFO] [default] - @LEN:0147;STB:00100;TM:02/07/2015,10:16:00;V:6.87;D:2;T:01;C:05;A01:00000;A02:00000;P01:00000000;P02:00000000;P03:00000000;P04:00000000;K01:0000;DA#
[2015-07-02 10:17:25.689] [INFO] [default] - @LEN:0147;STB:00100;TM:02/07/2015,10:17:00;V:6.85;D:2;T:01;C:07;A01:00000;A02:00000;P01:00000000;P02:00000000;P03:00000000;P04:00000000;K01:0000;DB#
[2015-07-02 10:18:25.578] [INFO] [default] - @LEN:0147;STB:00100;TM:02/07/2015,10:18:00;V:6.87;D:2;T:01;C:09;A01:00000;A02:00000;P01:00000000;P02:00000000;P03:00000000;P04:00000000;K01:0000;E0#
[2015-07-02 10:19:25.451] [INFO] [default] - @LEN:0147;STB:00100;TM:02/07/2015,10:19:00;V:6.87;D:2;T:01;C:11;A01:00000;A02:00000;P01:00000000;P02:00000000;P03:00000000;P04:00000000;K01:0000;DA#
[2015-07-02 10:21:37.770] [INFO] [default] - @LEN:0147;STB:00100;TM:02/07/2015,10:20:00;V:6.86;D:2;T:01;C:13;A01:00000;A02:00000;P01:00000000;P02:00000000;P03:00000000;P04:00000000;K01:0000;D3#
[2015-07-02 10:24:16.142] [INFO] [default] - @LEN:0147;STB:00100;TM:02/07/2015,10:22:00;V:6.85;D:2;T:01;C:16;A01:00000;A02:00000;P01:00000000;P02:00000000;P03:00000000;P04:00000000;K01:0000;D7#
[2015-07-02 10:26:37.852] [INFO] [default] - @LEN:0147;STB:00100;TM:02/07/2015,10:25:00;V:6.86;D:2;T:01;C:18;A01:00000;A02:00000;P01:00000000;P02:00000000;P03:00000000;P04:00000000;K01:0000;DD#
[2015-07-02 10:28:38.534] [INFO] [default] - @LEN:0147;STB:00100;TM:02/07/2015,10:27:00;V:6.85;D:2;T:01;C:21;A01:00000;A02:00000;P01:00000000;P02:00000000;P03:00000000;P04:00000000;K01:0000;D8#
[2015-07-02 10:30:38.919] [INFO] [default] - @LEN:0147;STB:00100;TM:02/07/2015,10:29:00;V:6.84;D:2;T:01;C:23;A01:00000;A02:00000;P01:00000000;P02:00000000;P03:00000000;P04:00000000;K01:0000;DB#
[2015-07-02 10:32:37.916] [INFO] [default] - @LEN:0147;STB:00100;TM:02/07/2015,10:31:00;V:6.85;D:2;T:01;C:25;A01:00000;A02:00000;P01:00000000;P02:00000000;P03:00000000;P04:00000000;K01:0000;D7#
[2015-07-02 10:34:39.113] [INFO] [default] - @LEN:0147;STB:00100;TM:02/07/2015,10:33:00;V:6.85;D:2;T:01;C:27;A01:00000;A02:00000;P01:00000000;P02:00000000;P03:00000000;P04:00000000;K01:0000;DB#
[2015-07-02 10:36:38.157] [INFO] [default] - @LEN:0147;STB:00100;TM:02/07/2015,10:35:00;V:6.85;D:2;T:01;C:29;A01:00000;A02:00000;P01:00000000;P02:00000000;P03:00000000;P04:00000000;K01:0000;DF#
[2015-07-02 10:38:38.558] [INFO] [default] - @LEN:0147;STB:00100;TM:02/07/2015,10:37:00;V:6.85;D:2;T:01;C:32;A01:00000;A02:00000;P01:00000000;P02:00000000;P03:00000000;P04:00000000;K01:0000;DB#
[2015-07-02 10:40:38.662] [INFO] [default] - @LEN:0147;STB:00100;TM:02/07/2015,10:39:00;V:6.85;D:2;T:01;C:34;A01:00000;A02:00000;P01:00000000;P02:00000000;P03:00000000;P04:00000000;K01:0000;DF#
[2015-07-02 10:42:37.363] [INFO] [default] - @LEN:0147;STB:00100;TM:02/07/2015,10:41:00;V:6.85;D:2;T:01;C:36;A01:00000;A02:00000;P01:00000000;P02:00000000;P03:00000000;P04:00000000;K01:0000;DA#
[2015-07-02 10:44:39.653] [INFO] [default] - @LEN:0147;STB:00100;TM:02/07/2015,10:43:00;V:6.85;D:2;T:01;C:38;A01:00000;A02:00000;P01:00000000;P02:00000000;P03:00000000;P04:00000000;K01:0000;DE#
[2015-07-02 10:46:39.881] [INFO] [default] - @LEN:0147;STB:00100;TM:02/07/2015,10:45:00;V:6.85;D:2;T:01;C:40;A01:00000;A02:00000;P01:00000000;P02:00000000;P03:00000000;P04:00000000;K01:0000;D9#
[2015-07-02 10:48:39.331] [INFO] [default] - @LEN:0147;STB:00100;TM:02/07/2015,10:47:00;V:6.85;D:2;T:01;C:43;A01:00000;A02:00000;P01:00000000;P02:00000000;P03:00000000;P04:00000000;K01:0000;DE#
[2015-07-02 10:49:24.820] [INFO] [default] - @LEN:0147;STB:00100;TM:02/07/2015,10:49:00;V:6.87;D:2;T:01;C:45;A01:00000;A02:00000;P01:00000000;P02:00000000;P03:00000000;P04:00000000;K01:0000;E4#
[2015-07-02 10:51:38.903] [INFO] [default] - @LEN:0147;STB:00100;TM:02/07/2015,10:50:00;V:6.86;D:2;T:01;C:47;A01:00000;A02:00000;P01:00000000;P02:00000000;P03:00000000;P04:00000000;K01:0000;DD#
[2015-07-02 10:53:38.929] [INFO] [default] - @LEN:0147;STB:00100;TM:02/07/2015,10:52:00;V:6.85;D:2;T:01;C:50;A01:00000;A02:00000;P01:00000000;P02:00000000;P03:00000000;P04:00000000;K01:0000;D8#
[2015-07-02 10:55:39.845] [INFO] [default] - @LEN:0147;STB:00100;TM:02/07/2015,10:54:00;V:6.85;D:2;T:01;C:52;A01:00000;A02:00000;P01:00000000;P02:00000000;P03:00000000;P04:00000000;K01:0000;DC#
[2015-07-02 10:56:25.241] [INFO] [default] - @LEN:0147;STB:00100;TM:02/07/2015,10:56:00;V:6.87;D:2;T:01;C:54;A01:00000;A02:00000;P01:00000000;P02:00000000;P03:00000000;P04:00000000;K01:0000;E2#
[2015-07-02 10:58:51.288] [INFO] [default] - @LEN:0147;STB:00100;TM:02/07/2015,10:57:00;V:6.86;D:2;T:01;C:56;A01:00000;A02:00000;P01:00000000;P02:00000000;P03:00000000;P04:00000000;K01:0000;E4#
[2015-07-02 10:59:25.343] [INFO] [default] - @LEN:0147;STB:00100;TM:02/07/2015,10:59:00;V:6.87;D:2;T:01;C:58;A01:00000;A02:00000;P01:00000000;P02:00000000;P03:00000000;P04:00000000;K01:0000;E9#
[2015-07-02 11:03:44.447] [INFO] [default] - @LEN:0147;STB:00100;TM:02/07/2015,11:00:00;V:6.86;D:2;T:01;C:60;A01:00000;A02:00000;P01:00000000;P02:00000000;P03:00000000;P04:00000000;K01:0000;D4#
[2015-07-02 11:04:25.787] [INFO] [default] - @LEN:0147;STB:00100;TM:02/07/2015,11:04:00;V:6.85;D:2;T:01;C:63;A01:00000;A02:00000;P01:00000000;P02:00000000;P03:00000000;P04:00000000;K01:0000;DA#
[2015-07-02 11:06:40.041] [INFO] [default] - @LEN:0147;STB:00100;TM:02/07/2015,11:05:00;V:6.86;D:2;T:01;C:65;A01:00000;A02:00000;P01:00000000;P02:00000000;P03:00000000;P04:00000000;K01:0000;DE#
[2015-07-02 11:08:42.424] [INFO] [default] - @LEN:0147;STB:00100;TM:02/07/2015,11:07:00;V:6.85;D:2;T:01;C:68;A01:00000;A02:00000;P01:00000000;P02:00000000;P03:00000000;P04:00000000;K01:0000;E2#
[2015-07-02 11:09:25.807] [INFO] [default] - @LEN:0147;STB:00100;TM:02/07/2015,11:09:00;V:6.87;D:2;T:01;C:70;A01:00000;A02:00000;P01:00000000;P02:00000000;P03:00000000;P04:00000000;K01:0000;DF#
[2015-07-02 11:11:38.344] [INFO] [default] - @LEN:0147;STB:00100;TM:02/07/2015,11:10:00;V:6.86;D:2;T:01;C:72;A01:00000;A02:00000;P01:00000000;P02:00000000;P03:00000000;P04:00000000;K01:0000;D8#
[2015-07-02 11:13:58.075] [INFO] [default] - @LEN:0147;STB:00100;TM:02/07/2015,11:12:00;V:6.86;D:2;T:01;C:75;A01:00000;A02:00000;P01:00000000;P02:00000000;P03:00000000;P04:00000000;K01:0000;DD#
[2015-07-02 11:14:26.155] [INFO] [default] - @LEN:0147;STB:00100;TM:02/07/2015,11:14:00;V:6.87;D:2;T:01;C:77;A01:00000;A02:00000;P01:00000000;P02:00000000;P03:00000000;P04:00000000;K01:0000;E2#
[2015-07-02 11:16:45.758] [INFO] [default] - @LEN:0147;STB:00100;TM:02/07/2015,11:15:00;V:6.86;D:2;T:01;C:79;A01:00000;A02:00000;P01:00000000;P02:00000000;P03:00000000;P04:00000000;K01:0000;E4#
[2015-07-02 11:17:26.318] [INFO] [default] - @LEN:0147;STB:00100;TM:02/07/2015,11:17:00;V:6.87;D:2;T:01;C:82;A01:00000;A02:00000;P01:00000000;P02:00000000;P03:00000000;P04:00000000;K01:0000;E1#
[2015-07-02 11:19:38.342] [INFO] [default] - @LEN:0147;STB:00100;TM:02/07/2015,11:18:00;V:6.86;D:2;T:01;C:84;A01:00000;A02:00000;P01:00000000;P02:00000000;P03:00000000;P04:00000000;K01:0000;E3#
[2015-07-02 11:21:39.820] [INFO] [default] - @LEN:0147;STB:00100;TM:02/07/2015,11:20:00;V:6.85;D:2;T:01;C:86;A01:00000;A02:00000;P01:00000000;P02:00000000;P03:00000000;P04:00000000;K01:0000;DD#
[2015-07-02 11:23:38.380] [INFO] [default] - @LEN:0147;STB:00100;TM:02/07/2015,11:22:00;V:6.85;D:2;T:01;C:89;A01:00000;A02:00000;P01:00000000;P02:00000000;P03:00000000;P04:00000000;K01:0000;E2#
[2015-07-02 11:25:38.733] [INFO] [default] - @LEN:0147;STB:00100;TM:02/07/2015,11:24:00;V:6.85;D:2;T:01;C:91;A01:00000;A02:00000;P01:00000000;P02:00000000;P03:00000000;P04:00000000;K01:0000;DD#
[2015-07-02 11:27:39.182] [INFO] [default] - @LEN:0147;STB:00100;TM:02/07/2015,11:26:00;V:6.85;D:2;T:01;C:93;A01:00000;A02:00000;P01:00000000;P02:00000000;P03:00000000;P04:00000000;K01:0000;E1#
[2015-07-02 11:29:39.270] [INFO] [default] - @LEN:0147;STB:00100;TM:02/07/2015,11:28:00;V:6.85;D:2;T:01;C:95;A01:00000;A02:00000;P01:00000000;P02:00000000;P03:00000000;P04:00000000;K01:0000;E5#
[2015-07-02 11:31:46.598] [INFO] [default] - @LEN:0147;STB:00100;TM:02/07/2015,11:30:00;V:6.85;D:2;T:01;C:97;A01:00000;A02:00000;P01:00000000;P02:00000000;P03:00000000;P04:00000000;K01:0000;E0#
[2015-07-02 11:32:26.830] [INFO] [default] - @LEN:0147;STB:00100;TM:02/07/2015,11:32:00;V:6.87;D:2;T:01;C:00;A01:00000;A02:00000;P01:00000000;P02:00000000;P03:00000000;P04:00000000;K01:0000;D4#
[2015-07-02 11:34:43.205] [INFO] [default] - @LEN:0147;STB:00100;TM:02/07/2015,11:33:00;V:6.86;D:2;T:01;C:02;A01:00000;A02:00000;P01:00000000;P02:00000000;P03:00000000;P04:00000000;K01:0000;D6#
[2015-07-02 11:35:26.495] [INFO] [default] - @LEN:0147;STB:00100;TM:02/07/2015,11:35:00;V:6.88;D:2;T:01;C:04;A01:00000;A02:00000;P01:00000000;P02:00000000;P03:00000000;P04:00000000;K01:0000;DC#
[2015-07-02 11:37:38.348] [INFO] [default] - @LEN:0147;STB:00100;TM:02/07/2015,11:36:00;V:6.86;D:2;T:01;C:07;A01:00000;A02:00000;P01:00000000;P02:00000000;P03:00000000;P04:00000000;K01:0000;DE#
[2015-07-02 11:39:38.156] [INFO] [default] - @LEN:0147;STB:00100;TM:02/07/2015,11:38:00;V:6.85;D:2;T:01;C:09;A01:00000;A02:00000;P01:00000000;P02:00000000;P03:00000000;P04:00000000;K01:0000;E1#
[2015-07-02 11:41:39.445] [INFO] [default] - @LEN:0147;STB:00100;TM:02/07/2015,11:40:00;V:6.86;D:2;T:01;C:11;A01:00000;A02:00000;P01:00000000;P02:00000000;P03:00000000;P04:00000000;K01:0000;D4#
[2015-07-02 11:43:38.864] [INFO] [default] - @LEN:0147;STB:00100;TM:02/07/2015,11:42:00;V:6.85;D:2;T:01;C:14;A01:00000;A02:00000;P01:00000000;P02:00000000;P03:00000000;P04:00000000;K01:0000;D8#
[2015-07-02 11:45:39.733] [INFO] [default] - @LEN:0147;STB:00100;TM:02/07/2015,11:44:00;V:6.85;D:2;T:01;C:16;A01:00000;A02:00000;P01:00000000;P02:00000000;P03:00000000;P04:00000000;K01:0000;DC#
[2015-07-02 11:47:42.553] [INFO] [default] - @LEN:0147;STB:00100;TM:02/07/2015,11:46:00;V:6.85;D:2;T:01;C:18;A01:00000;A02:00000;P01:00000000;P02:00000000;P03:00000000;P04:00000000;K01:0000;E0#
[2015-07-02 11:48:25.921] [INFO] [default] - @LEN:0147;STB:00100;TM:02/07/2015,11:48:00;V:6.88;D:2;T:01;C:20;A01:00000;A02:00000;P01:00000000;P02:00000000;P03:00000000;P04:00000000;K01:0000;DE#
[2015-07-02 11:50:38.676] [INFO] [default] - @LEN:0147;STB:00100;TM:02/07/2015,11:49:00;V:6.86;D:2;T:01;C:22;A01:00000;A02:00000;P01:00000000;P02:00000000;P03:00000000;P04:00000000;K01:0000;DF#
[2015-07-02 11:52:39.905] [INFO] [default] - @LEN:0147;STB:00100;TM:02/07/2015,11:51:00;V:6.86;D:2;T:01;C:24;A01:00000;A02:00000;P01:00000000;P02:00000000;P03:00000000;P04:00000000;K01:0000;DA#
[2015-07-02 11:54:38.808] [INFO] [default] - @LEN:0147;STB:00100;TM:02/07/2015,11:53:00;V:6.85;D:2;T:01;C:26;A01:00000;A02:00000;P01:00000000;P02:00000000;P03:00000000;P04:00000000;K01:0000;DD#
[2015-07-02 11:56:39.021] [INFO] [default] - @LEN:0147;STB:00100;TM:02/07/2015,11:55:00;V:6.86;D:2;T:01;C:28;A01:00000;A02:00000;P01:00000000;P02:00000000;P03:00000000;P04:00000000;K01:0000;E2#
[2015-07-02 11:58:39.501] [INFO] [default] - @LEN:0147;STB:00100;TM:02/07/2015,11:57:00;V:6.86;D:2;T:01;C:31;A01:00000;A02:00000;P01:00000000;P02:00000000;P03:00000000;P04:00000000;K01:0000;DE#
[2015-07-02 12:00:38.793] [INFO] [default] - @LEN:0147;STB:00100;TM:02/07/2015,11:59:00;V:6.85;D:2;T:01;C:33;A01:00000;A02:00000;P01:00000000;P02:00000000;P03:00000000;P04:00000000;K01:0000;E1#
[2015-07-02 12:39:38.709] [INFO] [default] - @LEN:0147;STB:00100;TM:02/07/2015,12:38:00;V:6.87;D:2;T:01;C:67;A01:00000;A02:00000;P01:00000000;P02:00000000;P03:00000000;P04:00000000;K01:0000;E8#
[2015-07-02 12:41:38.814] [INFO] [default] - @LEN:0147;STB:00100;TM:02/07/2015,12:40:00;V:6.86;D:2;T:01;C:69;A01:00000;A02:00000;P01:00000000;P02:00000000;P03:00000000;P04:00000000;K01:0000;E2#
[2015-07-02 12:43:38.029] [INFO] [default] - @LEN:0147;STB:00100;TM:02/07/2015,12:42:00;V:6.86;D:2;T:01;C:72;A01:00000;A02:00000;P01:00000000;P02:00000000;P03:00000000;P04:00000000;K01:0000;DE#
[2015-07-02 12:45:38.165] [INFO] [default] - @LEN:0147;STB:00100;TM:02/07/2015,12:44:00;V:6.86;D:2;T:01;C:74;A01:00000;A02:00000;P01:00000000;P02:00000000;P03:00000000;P04:00000000;K01:0000;E2#
[2015-07-02 12:47:39.191] [INFO] [default] - @LEN:0147;STB:00100;TM:02/07/2015,12:46:00;V:6.86;D:2;T:01;C:76;A01:00000;A02:00000;P01:00000000;P02:00000000;P03:00000000;P04:00000000;K01:0000;E6#
[2015-07-02 12:49:37.501] [INFO] [default] - @LEN:0147;STB:00100;TM:02/07/2015,12:48:00;V:6.86;D:2;T:01;C:78;A01:00000;A02:00000;P01:00000000;P02:00000000;P03:00000000;P04:00000000;K01:0000;EA#
[2015-07-02 12:51:39.041] [INFO] [default] - @LEN:0147;STB:00100;TM:02/07/2015,12:50:00;V:6.86;D:2;T:01;C:80;A01:00000;A02:00000;P01:00000000;P02:00000000;P03:00000000;P04:00000000;K01:0000;DC#
[2015-07-02 12:53:53.622] [INFO] [default] - @LEN:0147;STB:00100;TM:02/07/2015,12:52:00;V:6.86;D:2;T:01;C:83;A01:00000;A02:00000;P01:00000000;P02:00000000;P03:00000000;P04:00000000;K01:0000;E1#
[2015-07-02 12:54:26.039] [INFO] [default] - @LEN:0147;STB:00100;TM:02/07/2015,12:54:00;V:6.88;D:2;T:01;C:85;A01:00000;A02:00000;P01:00000000;P02:00000000;P03:00000000;P04:00000000;K01:0000;E7#
[2015-07-02 12:56:40.496] [INFO] [default] - @LEN:0147;STB:00100;TM:02/07/2015,12:55:00;V:6.87;D:2;T:01;C:87;A01:00000;A02:00000;P01:00000000;P02:00000000;P03:00000000;P04:00000000;K01:0000;E9#
[2015-07-02 12:58:38.743] [INFO] [default] - @LEN:0147;STB:00100;TM:02/07/2015,12:57:00;V:6.86;D:2;T:01;C:90;A01:00000;A02:00000;P01:00000000;P02:00000000;P03:00000000;P04:00000000;K01:0000;E4#
[2015-07-02 13:00:36.977] [INFO] [default] - @LEN:0147;STB:00100;TM:02/07/2015,12:59:00;V:6.86;D:2;T:01;C:92;A01:00000;A02:00000;P01:00000000;P02:00000000;P03:00000000;P04:00000000;K01:0000;E8#
[2015-07-02 13:02:45.474] [INFO] [default] - @LEN:0147;STB:00100;TM:02/07/2015,13:01:00;V:6.86;D:2;T:01;C:94;A01:00000;A02:00000;P01:00000000;P02:00000000;P03:00000000;P04:00000000;K01:0000;DE#
[2015-07-02 13:03:25.379] [INFO] [default] - @LEN:0147;STB:00100;TM:02/07/2015,13:03:00;V:6.88;D:2;T:01;C:96;A01:00000;A02:00000;P01:00000000;P02:00000000;P03:00000000;P04:00000000;K01:0000;E4#
[2015-07-02 13:05:40.896] [INFO] [default] - @LEN:0147;STB:00100;TM:02/07/2015,13:04:00;V:6.87;D:2;T:01;C:98;A01:00000;A02:00000;P01:00000000;P02:00000000;P03:00000000;P04:00000000;K01:0000;E6#
[2015-07-02 13:06:25.263] [INFO] [default] - @LEN:0147;STB:00100;TM:02/07/2015,13:06:00;V:6.87;D:2;T:01;C:00;A01:00000;A02:00000;P01:00000000;P02:00000000;P03:00000000;P04:00000000;K01:0000;D7#
[2015-07-02 13:08:38.643] [INFO] [default] - @LEN:0147;STB:00100;TM:02/07/2015,13:07:00;V:6.87;D:2;T:01;C:02;A01:00000;A02:00000;P01:00000000;P02:00000000;P03:00000000;P04:00000000;K01:0000;DA#
[2015-07-02 13:10:37.235] [INFO] [default] - @LEN:0147;STB:00100;TM:02/07/2015,13:09:00;V:6.86;D:2;T:01;C:04;A01:00000;A02:00000;P01:00000000;P02:00000000;P03:00000000;P04:00000000;K01:0000;DD#
[2015-07-02 13:13:25.699] [INFO] [default] - @LEN:0147;STB:00100;TM:02/07/2015,13:11:00;V:6.86;D:2;T:01;C:06;A01:00000;A02:00000;P01:00000000;P02:00000000;P03:00000000;P04:00000000;K01:0000;D8#
[2015-07-02 13:15:42.620] [INFO] [default] - @LEN:0147;STB:00100;TM:02/07/2015,13:14:00;V:6.87;D:2;T:01;C:08;A01:00000;A02:00000;P01:00000000;P02:00000000;P03:00000000;P04:00000000;K01:0000;DE#
[2015-07-02 13:16:25.645] [INFO] [default] - @LEN:0147;STB:00100;TM:02/07/2015,13:16:00;V:6.88;D:2;T:01;C:10;A01:00000;A02:00000;P01:00000000;P02:00000000;P03:00000000;P04:00000000;K01:0000;DA#
[2015-07-02 13:19:02.535] [INFO] [default] - @LEN:0147;STB:00100;TM:02/07/2015,13:17:00;V:6.87;D:2;T:01;C:12;A01:00000;A02:00000;P01:00000000;P02:00000000;P03:00000000;P04:00000000;K01:0000;DC#
[2015-07-02 13:19:25.670] [INFO] [default] - @LEN:0147;STB:00100;TM:02/07/2015,13:19:00;V:6.85;D:2;T:01;C:14;A01:00000;A02:00000;P01:00000000;P02:00000000;P03:00000000;P04:00000000;K01:0000;DE#
[2015-07-02 13:21:37.536] [INFO] [default] - @LEN:0147;STB:00100;TM:02/07/2015,13:20:00;V:6.87;D:2;T:01;C:16;A01:00000;A02:00000;P01:00000000;P02:00000000;P03:00000000;P04:00000000;K01:0000;DA#
[2015-07-02 13:24:09.029] [INFO] [default] - @LEN:0147;STB:00100;TM:02/07/2015,13:22:00;V:6.87;D:2;T:01;C:19;A01:00000;A02:00000;P01:00000000;P02:00000000;P03:00000000;P04:00000000;K01:0000;DF#
[2015-07-02 13:24:25.112] [INFO] [default] - @LEN:0147;STB:00100;TM:02/07/2015,13:24:00;V:6.86;D:2;T:01;C:21;A01:00000;A02:00000;P01:00000000;P02:00000000;P03:00000000;P04:00000000;K01:0000;D9#
[2015-07-02 13:26:37.634] [INFO] [default] - @LEN:0147;STB:00100;TM:02/07/2015,13:25:00;V:6.87;D:2;T:01;C:23;A01:00000;A02:00000;P01:00000000;P02:00000000;P03:00000000;P04:00000000;K01:0000;DD#
[2015-07-02 13:28:38.145] [INFO] [default] - @LEN:0147;STB:00100;TM:02/07/2015,13:27:00;V:6.86;D:2;T:01;C:26;A01:00000;A02:00000;P01:00000000;P02:00000000;P03:00000000;P04:00000000;K01:0000;E1#
[2015-07-02 13:30:37.189] [INFO] [default] - @LEN:0147;STB:00100;TM:02/07/2015,13:29:00;V:6.86;D:2;T:01;C:28;A01:00000;A02:00000;P01:00000000;P02:00000000;P03:00000000;P04:00000000;K01:0000;E5#
[2015-07-02 13:32:37.605] [INFO] [default] - @LEN:0147;STB:00100;TM:02/07/2015,13:31:00;V:6.87;D:2;T:01;C:30;A01:00000;A02:00000;P01:00000000;P02:00000000;P03:00000000;P04:00000000;K01:0000;D8#
[2015-07-02 13:34:39.566] [INFO] [default] - @LEN:0147;STB:00100;TM:02/07/2015,13:33:00;V:6.87;D:2;T:01;C:32;A01:00000;A02:00000;P01:00000000;P02:00000000;P03:00000000;P04:00000000;K01:0000;DC#
[2015-07-02 13:43:37.000] [INFO] [default] - @LEN:0147;STB:00100;TM:02/07/2015,13:42:00;V:6.87;D:2;T:01;C:41;A01:00000;A02:00000;P01:00000000;P02:00000000;P03:00000000;P04:00000000;K01:0000;DC#
[2015-07-02 13:45:39.383] [INFO] [default] - @LEN:0147;STB:00100;TM:02/07/2015,13:44:00;V:6.87;D:2;T:01;C:43;A01:00000;A02:00000;P01:00000000;P02:00000000;P03:00000000;P04:00000000;K01:0000;E0#
[2015-07-02 13:47:38.021] [INFO] [default] - @LEN:0147;STB:00100;TM:02/07/2015,13:46:00;V:6.87;D:2;T:01;C:45;A01:00000;A02:00000;P01:00000000;P02:00000000;P03:00000000;P04:00000000;K01:0000;E4#
[2015-07-02 13:49:37.767] [INFO] [default] - @LEN:0147;STB:00100;TM:02/07/2015,13:48:00;V:6.87;D:2;T:01;C:47;A01:00000;A02:00000;P01:00000000;P02:00000000;P03:00000000;P04:00000000;K01:0000;E8#
[2015-07-02 13:51:39.322] [INFO] [default] - @LEN:0147;STB:00100;TM:02/07/2015,13:50:00;V:6.87;D:2;T:01;C:49;A01:00000;A02:00000;P01:00000000;P02:00000000;P03:00000000;P04:00000000;K01:0000;E3#
[2015-07-02 13:53:38.085] [INFO] [default] - @LEN:0147;STB:00100;TM:02/07/2015,13:52:00;V:6.86;D:2;T:01;C:52;A01:00000;A02:00000;P01:00000000;P02:00000000;P03:00000000;P04:00000000;K01:0000;DE#
[2015-07-02 13:55:37.800] [INFO] [default] - @LEN:0147;STB:00100;TM:02/07/2015,13:54:00;V:6.87;D:2;T:01;C:54;A01:00000;A02:00000;P01:00000000;P02:00000000;P03:00000000;P04:00000000;K01:0000;E3#
[2015-07-02 13:57:40.557] [INFO] [default] - @LEN:0147;STB:00100;TM:02/07/2015,13:56:00;V:6.86;D:2;T:01;C:56;A01:00000;A02:00000;P01:00000000;P02:00000000;P03:00000000;P04:00000000;K01:0000;E6#
[2015-07-02 13:58:24.751] [INFO] [default] - @LEN:0147;STB:00100;TM:02/07/2015,13:58:00;V:6.88;D:2;T:01;C:58;A01:00000;A02:00000;P01:00000000;P02:00000000;P03:00000000;P04:00000000;K01:0000;EC#
[2015-07-02 14:00:38.288] [INFO] [default] - @LEN:0147;STB:00100;TM:02/07/2015,13:59:00;V:6.87;D:2;T:01;C:60;A01:00000;A02:00000;P01:00000000;P02:00000000;P03:00000000;P04:00000000;K01:0000;E5#
[2015-07-02 14:02:37.533] [INFO] [default] - @LEN:0147;STB:00100;TM:02/07/2015,14:01:00;V:6.87;D:2;T:01;C:62;A01:00000;A02:00000;P01:00000000;P02:00000000;P03:00000000;P04:00000000;K01:0000;DB#
[2015-07-02 14:04:37.186] [INFO] [default] - @LEN:0147;STB:00100;TM:02/07/2015,14:03:00;V:6.87;D:2;T:01;C:64;A01:00000;A02:00000;P01:00000000;P02:00000000;P03:00000000;P04:00000000;K01:0000;DF#
[2015-07-02 14:06:45.653] [INFO] [default] - @LEN:0147;STB:00100;TM:02/07/2015,14:05:00;V:6.87;D:2;T:01;C:66;A01:00000;A02:00000;P01:00000000;P02:00000000;P03:00000000;P04:00000000;K01:0000;E3#
[2015-07-02 14:07:24.856] [INFO] [default] - @LEN:0147;STB:00100;TM:02/07/2015,14:07:00;V:6.88;D:2;T:01;C:69;A01:00000;A02:00000;P01:00000000;P02:00000000;P03:00000000;P04:00000000;K01:0000;E9#
[2015-07-02 14:09:37.752] [INFO] [default] - @LEN:0147;STB:00100;TM:02/07/2015,14:08:00;V:6.87;D:2;T:01;C:71;A01:00000;A02:00000;P01:00000000;P02:00000000;P03:00000000;P04:00000000;K01:0000;E2#
[2015-07-02 14:11:38.325] [INFO] [default] - @LEN:0147;STB:00100;TM:02/07/2015,14:10:00;V:6.87;D:2;T:01;C:73;A01:00000;A02:00000;P01:00000000;P02:00000000;P03:00000000;P04:00000000;K01:0000;DD#
[2015-07-02 14:13:36.885] [INFO] [default] - @LEN:0147;STB:00100;TM:02/07/2015,14:12:00;V:6.87;D:2;T:01;C:76;A01:00000;A02:00000;P01:00000000;P02:00000000;P03:00000000;P04:00000000;K01:0000;E2#
[2015-07-02 14:15:43.339] [INFO] [default] - @LEN:0147;STB:00100;TM:02/07/2015,14:14:00;V:6.87;D:2;T:01;C:78;A01:00000;A02:00000;P01:00000000;P02:00000000;P03:00000000;P04:00000000;K01:0000;E6#
[2015-07-02 14:16:24.866] [INFO] [default] - @LEN:0147;STB:00100;TM:02/07/2015,14:16:00;V:6.88;D:2;T:01;C:80;A01:00000;A02:00000;P01:00000000;P02:00000000;P03:00000000;P04:00000000;K01:0000;E2#
[2015-07-02 14:18:37.435] [INFO] [default] - @LEN:0147;STB:00100;TM:02/07/2015,14:17:00;V:6.87;D:2;T:01;C:82;A01:00000;A02:00000;P01:00000000;P02:00000000;P03:00000000;P04:00000000;K01:0000;E4#
[2015-07-02 14:20:38.304] [INFO] [default] - @LEN:0147;STB:00100;TM:02/07/2015,14:19:00;V:6.87;D:2;T:01;C:84;A01:00000;A02:00000;P01:00000000;P02:00000000;P03:00000000;P04:00000000;K01:0000;E8#
[2015-07-02 14:22:37.036] [INFO] [default] - @LEN:0147;STB:00100;TM:02/07/2015,14:21:00;V:6.87;D:2;T:01;C:86;A01:00000;A02:00000;P01:00000000;P02:00000000;P03:00000000;P04:00000000;K01:0000;E3#
[2015-07-02 14:24:37.827] [INFO] [default] - @LEN:0147;STB:00100;TM:02/07/2015,14:23:00;V:6.87;D:2;T:01;C:88;A01:00000;A02:00000;P01:00000000;P02:00000000;P03:00000000;P04:00000000;K01:0000;E7#
[2015-07-02 14:26:39.117] [INFO] [default] - @LEN:0147;STB:00100;TM:02/07/2015,14:25:00;V:6.87;D:2;T:01;C:90;A01:00000;A02:00000;P01:00000000;P02:00000000;P03:00000000;P04:00000000;K01:0000;E2#
[2015-07-02 14:28:38.582] [INFO] [default] - @LEN:0147;STB:00100;TM:02/07/2015,14:27:00;V:6.87;D:2;T:01;C:93;A01:00000;A02:00000;P01:00000000;P02:00000000;P03:00000000;P04:00000000;K01:0000;E7#
[2015-07-02 14:30:37.564] [INFO] [default] - @LEN:0147;STB:00100;TM:02/07/2015,14:29:00;V:6.87;D:2;T:01;C:95;A01:00000;A02:00000;P01:00000000;P02:00000000;P03:00000000;P04:00000000;K01:0000;EB#
[2015-07-02 14:32:39.728] [INFO] [default] - @LEN:0147;STB:00100;TM:02/07/2015,14:31:00;V:6.87;D:2;T:01;C:97;A01:00000;A02:00000;P01:00000000;P02:00000000;P03:00000000;P04:00000000;K01:0000;E6#
[2015-07-02 14:33:24.796] [INFO] [default] - @LEN:0147;STB:00100;TM:02/07/2015,14:33:00;V:6.88;D:2;T:01;C:99;A01:00000;A02:00000;P01:00000000;P02:00000000;P03:00000000;P04:00000000;K01:0000;EB#
[2015-07-02 14:35:38.129] [INFO] [default] - @LEN:0147;STB:00100;TM:02/07/2015,14:34:00;V:6.87;D:2;T:01;C:01;A01:00000;A02:00000;P01:00000000;P02:00000000;P03:00000000;P04:00000000;K01:0000;DA#
[2015-07-02 14:37:38.608] [INFO] [default] - @LEN:0147;STB:00100;TM:02/07/2015,14:36:00;V:6.87;D:2;T:01;C:03;A01:00000;A02:00000;P01:00000000;P02:00000000;P03:00000000;P04:00000000;K01:0000;DE#
[2015-07-02 14:39:39.727] [INFO] [default] - @LEN:0147;STB:00100;TM:02/07/2015,14:38:00;V:6.87;D:2;T:01;C:05;A01:00000;A02:00000;P01:00000000;P02:00000000;P03:00000000;P04:00000000;K01:0000;E2#
[2015-07-02 15:19:35.963] [INFO] [default] - @LEN:0147;STB:00100;TM:02/07/2015,15:18:00;V:6.87;D:2;T:01;C:39;A01:00000;A02:3.618;P01:00001254;P02:00005780;P03:00000000;P04:00000000;K01:0000;18#
[2015-07-02 15:21:36.233] [INFO] [default] - @LEN:0147;STB:00100;TM:02/07/2015,15:20:00;V:6.86;D:2;T:01;C:41;A01:00000;A02:3.619;P01:00001254;P02:00005780;P03:00000000;P04:00000000;K01:0000;0A#
[2015-07-02 15:23:34.536] [INFO] [default] - @LEN:0147;STB:00100;TM:02/07/2015,15:22:00;V:6.85;D:2;T:01;C:44;A01:00000;A02:3.615;P01:00001254;P02:00005780;P03:00000000;P04:00000000;K01:0000;0A#
[2015-07-02 15:25:34.415] [INFO] [default] - @LEN:0147;STB:00100;TM:02/07/2015,15:24:00;V:6.86;D:2;T:01;C:46;A01:00000;A02:3.612;P01:00001254;P02:00005780;P03:00000000;P04:00000000;K01:0000;0C#
[2015-07-02 15:27:34.605] [INFO] [default] - @LEN:0147;STB:00100;TM:02/07/2015,15:26:00;V:6.86;D:2;T:01;C:48;A01:00000;A02:3.612;P01:00001254;P02:00005780;P03:00000000;P04:00000000;K01:0000;10#
[2015-07-02 15:29:34.452] [INFO] [default] - @LEN:0147;STB:00100;TM:02/07/2015,15:28:00;V:6.86;D:2;T:01;C:50;A01:00000;A02:3.607;P01:00001254;P02:00005780;P03:00000000;P04:00000000;K01:0000;0F#
[2015-07-02 15:31:35.390] [INFO] [default] - @LEN:0147;STB:00100;TM:02/07/2015,15:30:00;V:6.86;D:2;T:01;C:52;A01:00000;A02:3.610;P01:00001254;P02:00005780;P03:00000000;P04:00000000;K01:0000;04#
[2015-07-02 15:33:33.974] [INFO] [default] - @LEN:0147;STB:00100;TM:02/07/2015,15:32:00;V:6.86;D:2;T:01;C:55;A01:00000;A02:3.609;P01:00001254;P02:00005780;P03:00000000;P04:00000000;K01:0000;11#
[2015-07-02 15:35:33.962] [INFO] [default] - @LEN:0147;STB:00100;TM:02/07/2015,15:34:00;V:6.85;D:2;T:01;C:57;A01:00000;A02:3.609;P01:00001254;P02:00005780;P03:00000000;P04:00000000;K01:0000;14#
[2015-07-02 15:37:33.433] [INFO] [default] - @LEN:0147;STB:00100;TM:02/07/2015,15:36:00;V:6.86;D:2;T:01;C:59;A01:00000;A02:3.610;P01:00001254;P02:00005780;P03:00000000;P04:00000000;K01:0000;11#
[2015-07-02 15:39:33.701] [INFO] [default] - @LEN:0147;STB:00100;TM:02/07/2015,15:38:00;V:6.86;D:2;T:01;C:61;A01:00000;A02:3.612;P01:00001254;P02:00005780;P03:00000000;P04:00000000;K01:0000;0E#
[2015-07-02 15:41:33.531] [INFO] [default] - @LEN:0147;STB:00100;TM:02/07/2015,15:40:00;V:6.86;D:2;T:01;C:63;A01:00000;A02:3.616;P01:00001254;P02:00005780;P03:00000000;P04:00000000;K01:0000;0D#
[2015-07-02 15:43:33.784] [INFO] [default] - @LEN:0147;STB:00100;TM:02/07/2015,15:42:00;V:6.86;D:2;T:01;C:66;A01:00000;A02:3.618;P01:00001254;P02:00005780;P03:00000000;P04:00000000;K01:0000;14#
[2015-07-02 15:45:33.647] [INFO] [default] - @LEN:0147;STB:00100;TM:02/07/2015,15:44:00;V:6.86;D:2;T:01;C:68;A01:00000;A02:3.615;P01:00001254;P02:00005780;P03:00000000;P04:00000000;K01:0000;15#
[2015-07-02 15:47:33.900] [INFO] [default] - @LEN:0147;STB:00100;TM:02/07/2015,15:46:00;V:6.86;D:2;T:01;C:70;A01:00000;A02:3.616;P01:00001254;P02:00005780;P03:00000000;P04:00000000;K01:0000;11#
[2015-07-02 15:49:33.763] [INFO] [default] - @LEN:0147;STB:00100;TM:02/07/2015,15:48:00;V:6.85;D:2;T:01;C:72;A01:00000;A02:3.456;P01:00001254;P02:00005780;P03:00000000;P04:00000000;K01:0000;16#
[2015-07-02 15:51:34.030] [INFO] [default] - @LEN:0147;STB:00100;TM:02/07/2015,15:50:00;V:6.86;D:2;T:01;C:74;A01:00000;A02:3.618;P01:00001254;P02:00005780;P03:00000000;P04:00000000;K01:0000;12#
[2015-07-02 15:53:33.862] [INFO] [default] - @LEN:0147;STB:00100;TM:02/07/2015,15:52:00;V:6.86;D:2;T:01;C:77;A01:00000;A02:3.621;P01:00001254;P02:00005780;P03:00000000;P04:00000000;K01:0000;11#
[2015-07-02 15:55:36.516] [INFO] [default] - @LEN:0147;STB:00100;TM:02/07/2015,15:54:00;V:6.86;D:2;T:01;C:79;A01:00000;A02:3.619;P01:00001254;P02:00005780;P03:00000000;P04:00000000;K01:0000;1C#
[2015-07-02 15:57:34.163] [INFO] [default] - @LEN:0147;STB:00100;TM:02/07/2015,15:56:00;V:6.85;D:2;T:01;C:81;A01:00000;A02:3.619;P01:00001254;P02:00005780;P03:00000000;P04:00000000;K01:0000;16#
[2015-07-02 15:59:34.039] [INFO] [default] - @LEN:0147;STB:00100;TM:02/07/2015,15:58:00;V:6.86;D:2;T:01;C:83;A01:00000;A02:3.620;P01:00001254;P02:00005780;P03:00000000;P04:00000000;K01:0000;13#
[2015-07-02 16:01:42.481] [INFO] [default] - @LEN:0147;STB:00100;TM:02/07/2015,16:00:00;V:6.86;D:2;T:01;C:85;A01:00000;A02:3.621;P01:00001254;P02:00005780;P03:00000000;P04:00000000;K01:0000;0A#
[2015-07-02 16:02:21.265] [INFO] [default] - @LEN:0147;STB:00100;TM:02/07/2015,16:02:00;V:6.87;D:2;T:01;C:88;A01:00000;A02:3.620;P01:00001254;P02:00005780;P03:00000000;P04:00000000;K01:0000;0F#
[2015-07-02 16:04:33.530] [INFO] [default] - @LEN:0147;STB:00100;TM:02/07/2015,16:03:00;V:6.86;D:2;T:01;C:90;A01:00000;A02:3.621;P01:00001254;P02:00005780;P03:00000000;P04:00000000;K01:0000;09#
[2015-07-02 17:49:12.770] [INFO] [default] - @LEN:0147;STB:00100;TM:02/07/2015,17:47:00;V:6.89;D:2;T:01;C:76;A01:00000;A02:00000;P01:00001254;P02:00005780;P03:00000000;P04:00000000;K01:0000;0F#
[2015-07-02 17:51:13.108] [INFO] [default] - @LEN:0147;STB:00100;TM:02/07/2015,17:49:00;V:6.88;D:2;T:01;C:78;A01:00000;A02:00000;P01:00001254;P02:00005780;P03:00000000;P04:00000000;K01:0000;12#
[2015-07-02 17:53:12.449] [INFO] [default] - @LEN:0147;STB:00100;TM:02/07/2015,17:51:00;V:6.88;D:2;T:01;C:80;A01:00000;A02:00000;P01:00001254;P02:00005780;P03:00000000;P04:00000000;K01:0000;04#
[2015-07-02 17:55:12.960] [INFO] [default] - @LEN:0147;STB:00100;TM:02/07/2015,17:53:00;V:6.88;D:2;T:01;C:82;A01:00000;A02:00000;P01:00001254;P02:00005780;P03:00000000;P04:00000000;K01:0000;08#
[2015-07-02 17:57:07.682] [INFO] [default] - @LEN:0147;STB:00100;TM:02/07/2015,17:55:00;V:6.87;D:2;T:01;C:84;A01:00000;A02:3.628;P01:00001254;P02:00005780;P03:00000000;P04:00000000;K01:0000;1C#
[2015-07-02 17:59:11.826] [INFO] [default] - @LEN:0147;STB:00100;TM:02/07/2015,17:57:00;V:6.88;D:2;T:01;C:87;A01:00000;A02:3.628;P01:00001254;P02:00005780;P03:00000000;P04:00000000;K01:0000;22#
[2015-07-02 17:59:59.828] [INFO] [default] - @LEN:0147;STB:00100;TM:02/07/2015,17:59:00;V:6.89;D:2;T:01;C:89;A01:00000;A02:3.628;P01:00001254;P02:00005780;P03:00000000;P04:00000000;K01:0000;27#
[2015-07-02 18:01:00.263] [INFO] [default] - @LEN:0147;STB:00100;TM:02/07/2015,18:00:00;V:6.89;D:2;T:01;C:91;A01:00000;A02:00000;P01:00001254;P02:00005780;P03:00000000;P04:00000000;K01:0000;02#
[2015-07-02 18:01:59.481] [INFO] [default] - @LEN:0147;STB:00100;TM:02/07/2015,18:01:00;V:6.87;D:2;T:01;C:94;A01:00000;A02:00000;P01:00001254;P02:00005780;P03:00000000;P04:00000000;K01:0000;04#
[2015-07-02 18:02:59.946] [INFO] [default] - @LEN:0147;STB:00100;TM:02/07/2015,18:02:00;V:6.89;D:2;T:01;C:96;A01:00000;A02:00000;P01:00001254;P02:00005780;P03:00000000;P04:00000000;K01:0000;09#
[2015-07-02 18:03:59.507] [INFO] [default] - @LEN:0147;STB:00100;TM:02/07/2015,18:03:00;V:6.89;D:2;T:01;C:98;A01:00000;A02:00000;P01:00001254;P02:00005780;P03:00000000;P04:00000000;K01:0000;0C#
[2015-07-02 18:04:59.926] [INFO] [default] - @LEN:0147;STB:00100;TM:02/07/2015,18:04:00;V:6.89;D:2;T:01;C:00;A01:00000;A02:00000;P01:00001254;P02:00005780;P03:00000000;P04:00000000;K01:0000;FC#
[2015-07-02 18:07:12.479] [INFO] [default] - @LEN:0147;STB:00100;TM:02/07/2015,18:05:00;V:6.89;D:2;T:01;C:02;A01:00000;A02:00000;P01:00001254;P02:00005780;P03:00000000;P04:00000000;K01:0000;FF#
[2015-07-02 18:09:11.585] [INFO] [default] - @LEN:0147;STB:00100;TM:02/07/2015,18:07:00;V:6.88;D:2;T:01;C:05;A01:00000;A02:00000;P01:00001254;P02:00005780;P03:00000000;P04:00000000;K01:0000;03#
[2015-07-02 18:11:11.987] [INFO] [default] - @LEN:0147;STB:00100;TM:02/07/2015,18:09:00;V:6.88;D:2;T:01;C:07;A01:00000;A02:00000;P01:00001254;P02:00005780;P03:00000000;P04:00000000;K01:0000;07#
[2015-07-02 18:11:59.567] [INFO] [default] - @LEN:0147;STB:00100;TM:02/07/2015,18:11:00;V:6.88;D:2;T:01;C:09;A01:00000;A02:00000;P01:00001254;P02:00005780;P03:00000000;P04:00000000;K01:0000;02#
[2015-07-02 18:14:11.949] [INFO] [default] - @LEN:0147;STB:00100;TM:02/07/2015,18:12:00;V:6.89;D:2;T:01;C:11;A01:00000;A02:00000;P01:00001254;P02:00005780;P03:00000000;P04:00000000;K01:0000;FD#
[2015-07-02 18:16:12.287] [INFO] [default] - @LEN:0147;STB:00100;TM:02/07/2015,18:14:00;V:6.88;D:2;T:01;C:13;A01:00000;A02:00000;P01:00001254;P02:00005780;P03:00000000;P04:00000000;K01:0000;00#
[2015-07-02 18:18:11.299] [INFO] [default] - @LEN:0147;STB:00100;TM:02/07/2015,18:16:00;V:6.88;D:2;T:01;C:15;A01:00000;A02:00000;P01:00001254;P02:00005780;P03:00000000;P04:00000000;K01:0000;04#
[2015-07-02 18:20:11.778] [INFO] [default] - @LEN:0147;STB:00100;TM:02/07/2015,18:18:00;V:6.88;D:2;T:01;C:17;A01:00000;A02:00000;P01:00001254;P02:00005780;P03:00000000;P04:00000000;K01:0000;08#
[2015-07-02 18:22:12.632] [INFO] [default] - @LEN:0147;STB:00100;TM:02/07/2015,18:20:00;V:6.88;D:2;T:01;C:19;A01:00000;A02:00000;P01:00001254;P02:00005780;P03:00000000;P04:00000000;K01:0000;03#
[2015-07-02 18:24:24.873] [INFO] [default] - @LEN:0147;STB:00100;TM:02/07/2015,18:22:00;V:6.88;D:2;T:01;C:22;A01:00000;A02:00000;P01:00001254;P02:00005780;P03:00000000;P04:00000000;K01:0000;FF#
[2015-07-02 18:24:59.630] [INFO] [default] - @LEN:0147;STB:00100;TM:02/07/2015,18:24:00;V:6.88;D:2;T:01;C:24;A01:00000;A02:00000;P01:00001254;P02:00005780;P03:00000000;P04:00000000;K01:0000;03#
[2015-07-02 18:27:12.573] [INFO] [default] - @LEN:0147;STB:00100;TM:02/07/2015,18:25:00;V:6.89;D:2;T:01;C:26;A01:00000;A02:00000;P01:00001254;P02:00005780;P03:00000000;P04:00000000;K01:0000;07#
[2015-07-02 18:29:11.181] [INFO] [default] - @LEN:0147;STB:00100;TM:02/07/2015,18:27:00;V:6.88;D:2;T:01;C:29;A01:00000;A02:00000;P01:00001254;P02:00005780;P03:00000000;P04:00000000;K01:0000;0B#
[2015-07-02 18:31:12.097] [INFO] [default] - @LEN:0147;STB:00100;TM:02/07/2015,18:29:00;V:6.88;D:2;T:01;C:31;A01:00000;A02:00000;P01:00001254;P02:00005780;P03:00000000;P04:00000000;K01:0000;06#
[2015-07-02 18:33:12.514] [INFO] [default] - @LEN:0147;STB:00100;TM:02/07/2015,18:31:00;V:6.88;D:2;T:01;C:33;A01:00000;A02:00000;P01:00001254;P02:00005780;P03:00000000;P04:00000000;K01:0000;01#
[2015-07-02 18:35:11.526] [INFO] [default] - @LEN:0147;STB:00100;TM:02/07/2015,18:33:00;V:6.88;D:2;T:01;C:35;A01:00000;A02:00000;P01:00001254;P02:00005780;P03:00000000;P04:00000000;K01:0000;05#
[2015-07-02 18:37:12.114] [INFO] [default] - @LEN:0147;STB:00100;TM:02/07/2015,18:35:00;V:6.88;D:2;T:01;C:37;A01:00000;A02:00000;P01:00001254;P02:00005780;P03:00000000;P04:00000000;K01:0000;09#
